Data loaded, start running...
536 c/c++ library
629 functional_program higher_-_order
3002 wireless_system 5g
3341 subspace_clustering multi_-_view
4962 cellular_network 5g
5968 flight_path obstacle
6415 matching lower_bound
6415 exponential_time_hypothesis lower_bound
6628 probabilistic timed_automaton
7127 benchmark state_-_of_-_the_-_art
7659 event_log life
7713 proportionality fair_division
7713 solution_concept fair_division
8009 c/c++ fortran
8078 id re
8164 m2m device
8872 conflict sat_solver
9698 wearable fingertip
12356 radio_access_network 5g
13191 file_transfer completion_time
13930 acoustic_model speech_recognition
14038 electric_vehicle_charging energy_storage
14386 triangle convex_polygon
14717 id snort
14800 best_-_first_search a*
14919 cellular_network 5g
15752 online a/b_testing
16184 mobile_network 5g
17276 m2m_communication m2m
17907 5g cellular_system
19581 finite_field multivariate_polynomial
19805 rrt* planner
20613 millimeter_wave 5g
20613 cellular_network 5g
22253 mobile_network 5g
22253 5g enabling_technology
22522 non_-_orthogonal_multiple_access 5g
23165 5g vehicular_network
23363 analog_-_to_-_digital_converter receiver
23363 receiver transmitter
25815 4g rural_area
26240 multi_-_player online_game
26509 re id
28177 http release
28781 correctness isabelle/hol
28781 isabelle/hol interactive_proof
29033 heuristic a*
29036 rrt* planner
29242 parallel_algorithm shared_-_memory
29837 exploration/exploitation tradeoff
30161 i/o disk
30163 i/o disk
31322 road_segment road
31571 context_-_free tree_grammar
31575 context_-_free tree_grammar
31576 context_-_free tree_grammar
31577 context_-_free tree_grammar
31611 vulnerability ssl/tls
33542 root_mean_square delay_spread
34101 4g rural_area
38427 mobile_broadband 5g
38429 5g enabling_technology
38614 finite_-_time consensus_algorithm
39076 antenna_array millimeter_-_wave
39076 millimeter_-_wave massive_mimo
39324 id re
39389 5g mobile_communication_system
39755 stackelberg_game complete_information
40259 python c/c++
41036 multiple_view multiview
41940 5g_network 4g
45086 4g wireless_system
45440 sorting_algorithm comparison_-_based
46912 online a/b_testing
47953 mobile_edge_computing network_function_virtualization
48000 interface_protocol air
48777 h.264/avc h.265/hevc
50405 4g cellular_network
50405 4g 5g
50405 cellular_network 5g
50406 4g standardization
50411 4g cellular_network
50411 4g 5g
50411 cellular_network 5g
51217 c/c++ matlab
51747 client client/server
52156 item insertion_time
52829 a* best_-_first_search
52981 wireless_system 5g
53005 faculty university
53792 4g lte
54384 aka 5g
54384 cellular_network 5g
55512 4g lte
56976 2d 3d
57493 id re
57496 id re
57497 id re
57498 id re
57499 id re
57695 ecg authentication_system
58459 subspace_clustering multi_-_view
59927 successive_cancellation decoding_algorithm
60085 lightweight ranked_search
60085 multi_-_keyword ranked_search
60693 cellular_network 5g
61060 mobile_robot collision_-_free
61060 collision_-_free path_planning_algorithm
61060 collision_-_free dynamic_environment
61139 long_term_evolution 4g
61139 4g wireless_network
61894 computed_tomography image_reconstruction_algorithm
61937 frequency_band 60_ghz
61937 frequency_band band
63361 segmentation_-_free handwritten_word
63464 ltl ctl*
63464 ctl* ctl
63959 ctl* ctl
64053 5g wireless_system
66037 organization hiv/aids
66038 social_medium hiv/aids
66040 organization hiv/aids
66042 social_medium hiv/aids
66042 organization hiv/aids
66130 uav unmanned_aerial_vehicle
66130 unmanned_aerial_vehicle base_station
66761 hub graph_embedding
66898 m2m device
67054 slicing 5g
68063 id re
68067 id re
68069 id re
68120 visual_slam stereo
68556 emerging_technology optical_network
68973 ieee ieee_802.11ax
68974 ieee ieee_802.11ax
69450 self_-_representation clustering_problem
69453 self_-_representation clustering_problem
69607 id re
70419 rrt* computation_time
70973 new_radio 5g
71117 millimeter_-_wave communication_system
72888 co_-_occurrence_matrix steganalysis_method
73413 mobile_network 5g
77231 id re
80795 sysml/kaos specification
80795 sysml/kaos event_-_b
80922 cellular_system 5g
81197 id re
81199 id re
81200 re id
81307 wireless_system 5g
83216 sdp multiplicative_weight
84010 cellular_network 5g
84505 algebra rely/guarantee
84505 reasoning rely/guarantee
84505 rely/guarantee concurrency
84507 algebra rely/guarantee
84507 rely/guarantee concurrency
84508 reasoning rely/guarantee
84510 rely/guarantee concurrency
85243 heuristic a*
85243 a* planning_algorithm
87246 white_matter grey_matter
87977 5g enabling_technology
87977 5g network_slicing
88422 density_-_based spatial_clustering
88445 policy_gradient model_-_free
88520 rrt* motion_planner
91452 quicksort sorting_algorithm
91840 5g control_channel
93367 enablers 5g
93479 5g standardization
95475 fine_-_grained entity_typing
95896 4g lte
97115 small_cell 5g
97116 small_cell 5g
97117 small_cell 5g
97118 small_cell 5g
97330 uav unmanned_aerial_vehicle
98936 medium_access_control csma/ca
98936 csma/ca ieee_802.15.4
100239 i/o disk
103370 optimization_problem non_-_convex
103710 c/c++ cuda
103909 sojourn_time average_packet
105426 block_cipher even_-_mansour
105965 minimum_variance estimator
107597 quantum_computation fault_-_tolerant
110122 tcp/ip protocol_suite
111614 hadoop map/reduce
113909 selection_algorithm multi_-_relay
113912 selection_algorithm multi_-_relay
114691 vmm id
114692 vmm id
114694 virtualized_environment id
114695 virtualized_environment id
114695 vmm id
117688 wireless_system 5g
117744 battery energy_storage
117887 proof isabelle/hol
118516 adaptive_algorithm sparse_system
119609 i/o disk
120622 4g 5g
122598 wireless_system 5g
122599 5g wireless_system
123771 context_-_aware software_agent
123823 variational_inference mean_-_field
123825 variational_inference mean_-_field
125621 reasoning owl
126449 device_-_to_-_device_communication 5g
126449 wireless_system 5g
127847 anchor_node malicious
128371 quaternion particle_filtering
128461 mobile_network 5g
129206 id intrusion_detection_system
129569 collision_probability csma/ca
131033 physical_interaction robot
133181 5g enabling_technology
133239 anchor_node malicious
133595 cellular_network 5g
134282 international competition
134925 4g 5g
135633 maximum_degree minimum_degree
136335 international competition
136487 repeated_game nash_equilibrium
138325 wireless_backhaul 5g
138328 wireless_backhaul 5g
143216 multi_-_agent epistemic_logic
143578 wireless_system 5g
147930 csma/ca ieee_802.15.4
148072 4g high_capacity
149181 5g enabling_technology
150462 downlink multi_-_user
151604 cellular_network 5g
151610 m2m device
151684 mpi openmp
152804 vertex_cover_number kernelization
153094 wi_-_fi 4g
153094 4g cellular_network
153698 tree_grammar context_-_free
155875 cyber cyber_security
157000 challenge_-_response authentication_scheme
157000 physical_layer authentication_scheme
157257 graph_grammar context_-_free
158505 5g mobile_communication
160288 multiplayer online_game
164350 lower_bound upper_bound
166072 stochastic_system continuous_-_time
166522 millimeter_-_wave path_loss_model
166522 path_loss_model omnidirectional
168258 moea/d nsga_-_ii
169221 differential impulse_radio
169221 impulse_radio ultra_-_wideband
170029 data_center green
170536 search_algorithm a*
170638 densification 5g
170638 massive_mimo 5g
170638 enablers 5g
170674 energy_-_efficient resource_allocation_algorithm
170764 smart electricity_grid
171433 cellular_system 5g
171780 3g 4g
171780 3g mobile_network
171780 4g mobile_network
171917 covariance_matrix eigenvectors
171978 i/o labeled_transition_system
173885 cellular_network 5g
174495 terminal_node acyclic
175229 pathwidth treewidth
175569 wireless_system 5g
176342 society new_zealand
176560 context_-_aware software_agent
179018 c/c++ library
180365 mobile_broadband 5g
181623 exploration/exploitation tradeoff
181646 functional_program higher_-_order
184253 reaction_-_diffusion molecular_communication
184757 cellular_network 5g
185246 a* a*_search
185295 i/o external_memory
187547 multi_-_relay selection_scheme
189281 im complete_information
189979 functional_program recurrence
189979 functional_program higher_-_order
190727 wireless_system 5g
193030 multi_-_resolution traffic_matrix
193473 service_curve non_-_stationary
194178 indoor_scene layout
194357 i/o file_system
194993 id re
198178 mobile_network 5g
199862 user_behavior multi_-_platform
199870 user_behavior multi_-_platform
199870 ctr multi_-_platform
201170 static_type programming_language
201840 temporal_modeling temporal
202986 id re
203637 wireless_system 5g
207372 grounded_theory constructivist
207800 foursquare city
208770 3gpp 5g
210201 cve id
211139 wi_-_fi 4g
211139 4g lte
211541 online a/b_testing
213810 new_radio 5g
216874 edge_computing multi_-_access
218226 http video
221013 id re
221271 i/o disk
221592 spiking_network snn
225131 5g_network 4g
226297 id re
228822 id re
228826 id re
228828 id re
229161 id re
229161 id video_-_based
229162 id re
229166 id re
229605 convex nuclear_norm
229658 millimeter_wave 5g
230924 id re
231423 device_-_free indoor_localization
234603 densification 5g
235597 id re
235599 id re
236490 c/c++ programming_language
237763 edge_node network_edge
237842 privacy sensitive_information
239161 grading lesion_segmentation
240765 leader_-_follower stackelberg_game
241979 graphical_object document_image
242509 markov_chain m/g/1
250953 scientific_application i/o
251712 prediction_scheme universal
252520 internet_access high_-_speed
253621 radial_basis_function partial_differential_equation
255840 scientific_application i/o
255840 i/o access_pattern
257517 i/o disk
257836 and/or_graph cyclic
257839 and/or_graph cyclic
258808 file_system i/o
259293 notation uml
260195 i/o access_pattern
260199 mpi_-_io i/o
260639 publish/subscribe broker
261828 i/o external_memory
261922 tcp/ip transport_layer
263239 omega lower_bound
266300 omega lower_bound
266482 markov_model transition_matrix
267517 small_world scale_-_free
269078 c/c++ programming_language
270865 4g wireless_system
270967 permutation_-_based evolutionary_algorithm
272006 omega lower_bound
276047 translation english
276047 german english
277053 3g wlan
277053 3g umts
277060 3g umts
280252 permutation_-_based evolutionary_algorithm
284769 heuristic a*
285400 atm tcp/ip
285401 tcp/ip atm_network
285457 tcp/ip atm
285523 tcp/ip protocol
285523 tcp/ip atm_network
287281 search_algorithm branch_and_bound
289083 heuristic a*
291433 quantum_computation fault_-_tolerant
295237 m2m device
295591 cellular_network 5g
295591 5g enabling_technology
295923 cellular_system 5g
295923 small_cell 5g
296406 millimeter_-_wave mimo_system
297028 rank nuclear_norm
298082 5g cellular_system
299123 i/o disk
299353 m2m device
299459 a* orthogonal_matching_pursuit
299621 interface direct_manipulation
299724 i/o disk
300624 lte 5g
300753 mobile_broadband 5g
300771 idl c/c++
300771 c/c++ fortran
300772 idl c/c++
300772 c/c++ python
300772 c/c++ fortran
301556 cellular_network 5g
302298 path_delay temporal_correlation
304302 agreement_problem secret_key
304747 massive_mimo 5g
304795 rrt* planner
305605 i/o garbage_collection
306285 millimeter_-_wave 5g
306285 cellular_network 5g
308175 i/o hdfs
308177 i/o storage_system
308657 antenna massive_mimo
310141 4g high_capacity
310583 wireless_backhaul 5g
310583 udn 5g
310583 massive_mimo 5g
310865 adaptive_algorithm least_mean_square
310941 compact_routing self_-_healing
311289 matlab/simulink toolbox
311564 compliance client/server
311564 session client/server
314202 cellular_network 5g
314443 omega lower_bound
315753 frequency_-_domain artificial_noise
315759 frequency_-_domain artificial_noise
316502 cellular_network 5g
317997 user_equipment enodeb
318156 tcp/ip stack
318585 hol_light isabelle/hol
318624 tcp/ip stack
318828 data_center green
318833 data_center green
320441 synthesis_problem assume_-_guarantee
320747 graph_database query_language
323290 cellular_network 5g
325379 m2m standardization
326734 machine_-_type_communication 5g
327555 cellular_system millimeter_-_wave
330035 wikipedia comparable_corpus
330122 variable_node ldpc_code
330122 variable_node update_rule
330122 variable_node min_-_sum
330122 update_rule min_-_sum
330519 context_-_free tree_language
330757 isabelle/hol formal_specification
331811 im ofdm
331957 massive_mimo 5g
332162 m2m device
332327 glauber_dynamic cluster_model
332327 random cluster_model
332563 random_perturbation eigenvectors
332563 eigenvectors adjacency_matrix
334050 4g lte
335164 i/o core_decomposition
335167 i/o core_decomposition
335169 i/o core_decomposition
335614 path_planning a*
335614 moo a*
336248 energy_-_aware software_development
336558 millimeter_-_wave cellular_system
336948 high_-_throughput biological_data
339850 isabelle/hol theorem_prover
340428 mac_layer rts/cts
341156 band out_-_of_-_band
342874 variational_inference mean_-_field
344089 german english
344667 upper_bound lower_bound
345279 search_algorithm a*
345279 heuristic a*
345487 cellular_system 5g
345974 ct pet/ct
346182 lower_bound upper_bound
346940 graph_database query_language
347228 agent multi_-_agent
349247 hoare_logic rely/guarantee
349335 sql database_system
349407 5g wireless_system
350097 exploration/exploitation dilemma
351174 cellular_system 5g
351301 cellular_network 5g
351302 cellular_network 5g
351304 densification 5g
351307 small_cell 5g
351310 small_cell 5g
351312 cellular_network 5g
351426 matching_pursuit compressive_sampling
352297 mac_protocol csma/ca
353974 phylogenetic_tree evolutionary
354669 publish/subscribe_system overlay
356315 weakly_-_supervised semantic_segmentation
357773 4g lte
357864 patch_-_based image_denoising
358547 dataflow_programming higher_-_order
358700 query_time space
359412 cellular_network 5g
360194 long_term_evolution 4g
360914 millimeter_-_wave mimo_system
361785 theorem_prover isabelle/hol
362322 average_degree thermodynamic_limit
363167 coordination_problem multi_-_agent
365653 network_coding multi_-_source
365948 smart_card contactless
369155 i/o ssds
370052 agent multi_-_agent
370162 cellular_network 5g
370489 continuous_-_time dynamical_system
372499 selection_algorithm multi_-_relay
374237 parallel_algorithm shared_-_memory
376401 max_-_min_fairness energy_harvesting
376426 cellular_system 5g
376686 isabelle/hol formalization
378218 update_rule synaptic_weight
378621 line_of_sight channel_model
378621 uwb ieee_802.15.4a
378621 ieee_802.15.4a channel_model
380352 heuristic_function a*
380735 wifi 3g
381785 id re
382250 cellular_network 5g
383974 rrt* asymptotic_optimality
386667 mean_field variational_bayes
386985 multi_-_period optimal_power_flow
388444 5g cellular_system
388475 multi_-_player online_game
389549 vulnerability ssl/tls
389671 fixed_-_point data_path
389941 rrt rrt*
390023 matrix_rank nuclear_norm
390023 convex nuclear_norm
390023 surrogate nuclear_norm
391227 circuit_size circuit
391227 circuit_size depth
394339 branching ctl*
394339 temporal_logic ctl*
394339 ctl* ctl
394343 branching ctl*
394343 temporal_logic ctl*
394352 branching ctl*
396000 lower_bound circuit_class
396200 np hardness
397777 matrix_rank nuclear_norm
397777 convex nuclear_norm
397777 surrogate nuclear_norm
399164 time_-_space_tradeoff lower_bound
399289 block_diagonalization precoding
400788 linear_kernel general_graph
401771 matching lower_bound
402604 4g mobile_communication
403026 bounded_-_error quantum_algorithm
403026 bounded_-_error query_complexity
405435 i/o disk
405515 lower_bound upper_bound
407044 wsns energy_-_aware
407838 core parallel_efficiency
408018 randomized_algorithm expected_time
410242 natural_gradient descent_algorithm
410242 natural_gradient riemannian_manifold
411730 normal_distribution noise_vector
413805 4g wireless_network
414550 polynomial_-_time approximation_algorithm
417442 voltage_stability steady_-_state
419290 omega lower_bound
419788 radio_access 5g
420284 i/o internal_memory
420503 diffusion_model continuous_-_time
420777 ieee floating_-_point
423169 rnns recurrent_connection
423543 i/o mobile_system
423547 i/o mobile_system
423668 4g high_capacity
424264 carrier csma/ca
424373 shot_noise poisson
425422 access_point wi_-_fi_network
430536 interaction_network scale_-_free
431698 leader_-_follower stackelberg_game
432442 ltl ctl*
432442 ctl* ctl
432443 ltl ctl*
433841 channel_access csma/ca
435163 high_-_speed optical_communication
436792 minimum_size vertex_cover
437421 lower_bound upper_bound
438844 polynomial_-_time approximation_algorithm
439500 exploration/exploitation tradeoff
441695 highly_cited scientific_paper
441695 highly_cited power_-_law
442437 upper_bound lower_bound
442596 m2m ieee_802.11ah
444292 minimax lower_bound
444421 cellular long_term_evolution
445511 i/o disk
448818 wi_-_fi 3g
448818 wi_-_fi 4g
448818 3g 4g
449906 matching lower_bound
452648 idl c/c++
452648 java c/c++
452648 matlab c/c++
452844 content_-_based publish/subscribe
453604 polynomial degree
453605 polynomial degree
454257 m2m device
454259 m2m device
456729 matching lower_bound
458426 data_center green
459677 csma/ca 802.11
460509 option menu
461003 cellular_network 5g
461589 minimization_problem non_-_convex
461854 isabelle/hol theorem_prover
461904 4g ofdm
462017 5g standardization
462500 repository pima_indian_diabetes
462500 uci pima_indian_diabetes
463108 correctness isabelle/hol
463108 theorem_prover isabelle/hol
463529 lower_bound upper_bound
463654 mesh_network wireless
464427 high_resolution spectral_band
465023 rrt* asymptotic_optimality
465378 minimax zero_-_sum
465378 matrix_game zero_-_sum
465718 isabelle/hol proof_assistant
466234 hol_light isabelle/hol
466234 isabelle/hol proof_assistant
466389 communicable_disease spread
466477 population_model markov
466924 energy_-_aware software_development
467161 maximum_-_likelihood decoding_algorithm
468405 4g wireless_network
468902 lossless source_coding
469515 directed_cycle double_cover
469535 uplink multiple_-_input_multiple_-_output
469556 reliability reliability_block_diagram
470063 self_-_dual code
470064 code self_-_dual
470106 matching lower_bound
470734 selection_algorithm multi_-_relay
470736 selection_algorithm multi_-_relay
471007 policy_gradient model_-_free
471241 4g mobile_network
472163 3g 4g
472163 3g mobile_network
472163 4g mobile_network
475061 id re
475742 ofdma cellular_system
475742 downlink cellular_system
476129 wearable fingertip
476287 parallel_algorithm distributed_memory
476673 coefficient cepstrum
477620 impulse_radio ultra_-_wideband
481522 cellular_network 5g
481710 matching lower_bound
483070 5g mobile_communication
483071 5g mobile_communication
483072 5g mobile_communication
486889 rational rational_coefficient
487975 id re
487978 id re
487979 id re
487980 id re
487981 id re
488159 input/output program_synthesis
490276 discrete_-_time stochastic_system
490428 id re
490435 id re
491252 pv solar
493186 online a/b_testing
495109 network_function_virtualization 5g
495111 5g network_slicing
497999 small_cell 5g
498000 small_cell 5g
498003 small_cell 5g
498720 id re
498727 id re
499229 encoder_-_decoder image_captioning
500391 enablers 5g
501027 tcp/ip protocol_stack
502737 inductive_theorem_proving isabelle/hol
504769 gauss_-_newton optimization_scheme
506089 id re
506093 id re
506094 id re
506094 id tracklets
506096 id re
506096 id video_-_based
506466 parallel_program writing
511118 new_radio 5g
511628 i/o ssd
512061 id re
515845 ultra_-_wideband synthetic_aperture_radar
516909 false_negative false_positive
517932 design_problem rna
519826 edge_computing multi_-_access
520998 slicing 5g
520998 5g core_network
521003 5g core_network
521943 tree_search a*
522023 edge_computing multi_-_access
523496 low_-_latency 5g
523841 spanning_tree self_-_stabilizing
523913 execution_model master_-_worker
525562 weak_factorization_system id
526302 ltl ctl*
526302 ctl* ctl
529561 reasoning rely/guarantee
529718 source_model secret_key
529718 agreement_problem secret_key
530392 wireless_system 5g
531637 image_-_based 2d/3d_registration
533998 attack attack_model
534870 exploration/exploitation trade_-_off
534877 model_-_free reinforcement_learning
537558 uav unmanned_aerial_vehicle
537558 unmanned_aerial_vehicle base_station
539708 id re
540914 id re
540918 id re
543054 function_evaluation black_-_box
545259 im ofdm
545261 mapping_scheme im
545261 ofdm im
545666 online a/b_testing
545666 offline a/b_testing
546369 banach_space parameter_-_free
546399 adaptive_algorithm adaptivity
546657 new_radio 5g
546657 5g low_latency
547384 4g 5g
547414 new_radio 5g
547417 multi_-_service 5g
547417 new_radio 5g
547421 multi_-_service 5g
547421 new_radio 5g
547421 enablers 5g
548015 eigenvalue hessian_matrix
548309 query_complexity lower_bound
548897 huffman coding_theory
548947 5g 5g_network
550023 simulation_model matlab/simulink
551781 amplitude phase_shift
555139 edge_computing multi_-_access
556660 im ofdm
556663 error_performance im
556663 im ofdm
556664 error_performance im
556664 im ofdm
556755 finite_language deterministic_finite_automaton
557013 lte 5g
557455 library c/c++
557456 c/c++ memory_model
557456 c/c++ library
557845 termination_tool higher_-_order
558710 labview c/c++
558823 neuromorphic neuron_model
559848 acoustic_model connectionist_temporal_classification
559973 massive_mimo 5g
561647 time_division_duplex multiple_-_input_multiple_-_output
561647 time_division_duplex multi_-_user
561647 multi_-_cell multiple_-_input_multiple_-_output
561647 multi_-_cell multi_-_user
562160 proof isabelle/hol
562357 unmanned_aerial_vehicle quadrotor
563043 visual_servoing learning_-_based
563988 new_radio 5g
563988 massive_mimo 5g
565693 cellular_system 5g
565744 i/o labeled_transition_system
565751 new_radio 5g
565751 5g control_channel
565752 4g lte
565753 5g blind_detection
565759 blind_detection 5g
566067 radio_access_network 5g
569140 id re
569141 id re
569142 id re
570795 interaction_paradigm virtual_reality
572016 edge_computing multi_-_access
572178 5g vehicular_network
572179 5g vehicular_network
572180 5g vehicular_network
572182 5g vehicular_network
577742 programming_framework tensorflow
577758 arousal detection_task
577762 detection_task arousal
578548 invariant_set dynamical_system
578548 continuous_-_time dynamical_system
580587 frequency_band millimeter_-_wave
581345 id re
581351 re id
584300 propagation_algorithm belief
585372 tcp/ip protocol
586588 subgroup word_problem
586608 csma/ca ieee_802.15.4
587061 im complete_information
590978 outage_probability outage_capacity
591359 omega lower_bound
594792 monotone graph_property
595267 omega resolution_refutation
595297 search_algorithm a*
595878 co_-_channel_interference downlink
595878 co_-_channel_interference multi_-_cell
598746 impulse transmission_system
598746 transmission_system ultra_-_wideband
599493 java c/c++
600657 functional_program higher_-_order
601293 formation_control consensus_algorithm
601316 optical_ofdm clipping
602991 isabelle/hol interactive_theorem_proving
606094 tcp/ip protocol
606094 tcp/ip stack
606454 outage_probability fading_channel
606679 polynomial degree
609584 omega lower_bound
609745 tcp/ip stack
609835 external_memory i/o_performance
610058 4g wireless_system
610065 4g wireless_network
613937 frequency_-_domain equalizer
617201 drift stochastic_differential_equation
617201 diffusion_coefficient stochastic_differential_equation
617935 multi_-_receiver wiretap_channel
617941 mimo wiretap_channel
617941 multi_-_receiver wiretap_channel
617941 gaussian wiretap_channel
621273 polynomial_-_time combinatorial_algorithm
621767 tcp/ip protocol
622203 spectral_resolution spatial
624642 database_system postgresql
625674 java c/c++
627425 formalization isabelle/hol
627833 local_search_algorithm approximation_ratio
628017 polynomial_time np_-_hard
628116 facility_location_problem fault_-_tolerant
628712 tcp/ip protocol
628972 rdf_data linked_data
630792 constraint_solver constraint_problem
632079 i/o computer_memory
633978 routing_protocol aodv
636384 heuristic_search_algorithm a*
636384 anytime a*
636802 slotted_aloha contention_resolution
640369 exploration/exploitation trade_-_off
642220 online_social_network influence_maximization
642220 online_social_network influence_diffusion
643844 power_allocation relay
643844 relay source
644426 hard_thresholding iterative
645667 tcp/ip protocol_suite
646140 im centrality_measure
648962 access_point wi_-_fi_network
651201 beacon csma/ca
651201 csma/ca ieee_802.15.4
653085 self_-_dual code
655294 running_time average_case
655770 omega lower_bound
655770 lower_bound upper_bound
656809 parallel_algorithm strong_scaling
658250 c/c++ cuda
658421 csma/ca ieee_802.15.4
658680 isabelle/hol proof_assistant
659870 multi_-_robot motion_planning_problem
661089 c/c++ library
661249 parallel_architecture graphic_processing_unit
661388 region_-_based memory_management
663046 search_algorithm grover
664858 routing_protocol shortest_path_routing
667243 omega lower_bound
667396 bfs dfs
667497 routing_protocol mobility_model
667718 relay source
668041 stdp vlsi_circuit
669979 poisson fluorescence_microscopy
672380 tcp/ip stack
674531 termination_tool higher_-_order
676748 3g 4g
678390 theorem_prover isabelle/hol
682779 socket tcp/ip
682779 tcp/ip stack
682781 tcp/ip stack
682781 tcp/ip linux
684474 conflict_graph claw_-_free
685053 millimeter_wave 5g
685299 cellular_network 5g
685974 hardware hardware/software_co_-_design
686593 tcp/ip network_traffic
686753 millimeter_wave 5g
687332 id re
687530 device_-_to_-_device_communication 5g
687530 enablers 5g
687533 5g enabling_technology
688575 negative_sampling skip_-_gram
692943 isabelle/hol proof_assistant
692948 isabelle/hol proof_assistant
693847 id re
693854 id re
694082 repair program_repair
694190 mobile_network 5g
694523 radio_access_network 5g
695201 lte 5g
696037 security_vulnerability c/c++
696226 ltl ctl*
696226 ctl* ctl
696634 tcp/ip protocol_stack
697240 id re
697240 id video_-_based
698467 matching lower_bound
700408 c/c++ cuda
700723 ctl* ltl
700724 model_checking ctl*
700724 ltl ctl*
700729 ltl ctl*
702145 java c/c++
703050 edge_computing multi_-_access
703371 scientific_application i/o
703546 planner a*
703815 arm reward
705104 time_-_space_tradeoff lower_bound
705327 coq isabelle/hol
705911 v2x 5g
705912 v2x 5g
705912 radio_access_network 5g
706674 id re
706675 re id
706677 id re
706678 id re
707952 enablers 5g
708124 patch_-_based image_inpainting
708408 c/c++ compiler
709163 search_algorithm a*
710508 cooperative_task multi_-_agent
712334 mobile_network 5g
713251 5g wireless_system
714123 tcp/ip protocol
714690 sysml/kaos goal_model
714692 sysml/kaos domain_model
714693 sysml/kaos specification
714693 sysml/kaos event_-_b
715463 cycle double_cover
716499 iot smart_home
716842 convolutional_code mdp
718936 massive_mimo 5g
718965 e_-_commerce sponsored_search
718965 keywords sponsored_search
721441 low_-_latency 5g
722915 multi_-_hop mesh_network
722915 mesh_network wireless
723190 multi_-_hop mesh_network
723190 mesh_network wireless
726170 non_-_orthogonal_multiple_access 5g
726183 isabelle/hol interactive_proof
726722 lower_bound minimax
726934 cellular_system 5g
727135 compressed_sensing recovery_algorithm
728098 low_-_latency 5g
728708 ultra_-_wideband synthetic_aperture_radar
728855 edge_computing multi_-_access
730745 memory_system scm
731168 wireless_system 5g
731281 online a/b_testing
731761 data_structure query_time
731764 data_structure query_time
731925 wireless_system 5g
732128 hadoop map/reduce
732164 millimeter_wave 5g
732164 enabling_technology 5g
734793 5g vehicular_network
736100 im ofdm
737034 5g control_channel
738475 mobile_network 5g
738865 java c/c++
739193 radio_access_network 5g
739697 mobile_network 5g
740967 terminal source_model
740967 source_model secret_key
740967 agreement_problem secret_key
744747 millimeter_-_wave 5g
745159 temporal_logic ctl*
745669 radio_access 5g
745878 exploration/exploitation trade_-_off
746355 5g core_network
746645 java c/c++
746645 python c/c++
746839 radio_access_network 5g
746841 4g lte
747121 model_checking ctl*
750729 5g cellular_network
750731 tcp/ip protocol_stack
753265 id re
753689 re id
754161 primary_user cognitive_network
755733 model_-_free reinforcement_learning
756076 open_-_source library
756076 open_-_source c++
756541 matching lower_bound
757096 data_center multi_-_tenant
757278 collision_avoidance connectivity_maintenance
758072 continuous_-_time dynamical_system
758363 new_radio 5g
758470 influence_spread im
759387 ucb k_-_nearest_neighbour
759667 rrt* planner
760055 path_planning a*
760055 a* rrt*
760579 beacon csma/ca
760810 quantum_walk discrete_-_time
762558 sysml/kaos b_system
762558 sysml/kaos goal_model
762558 sysml/kaos specification
762562 sysml/kaos b_system
762562 sysml/kaos domain_model
762562 sysml/kaos specification
762922 online a/b_testing
762922 offline a/b_testing
763960 im ofdm
763961 im ofdm
763962 im ofdm
763964 im ofdm
764734 im influence_model
764737 im influence_model
764738 im influence_model
764814 lower_bound omega
765144 cellular_system 5g
765156 open_-_source library
765156 open_-_source tensorflow
766129 5g lte
766400 auc specificity
766477 matching lower_bound
766477 omega lower_bound
766760 new_radio 5g
766789 5g cellular_system
767491 general_public http
767491 license http
768141 distribution_grid topology
768605 touchscreen smartphone
771479 ieee test_case
771479 power_flow distribution_grid
771958 low_rank matrix_approximation
771960 low_rank matrix_approximation
772440 enablers 5g
772442 mobile_network 5g
773148 massive_mimo 5g
773824 detection_task pascal_voc
774725 data_center geo
775270 id re
775662 id re
775663 id re
775665 id re
776477 id re
776482 id re
776664 analog_-_to_-_digital_converter receiver
777553 massive_mimo 5g
777891 id re
777891 id camera_view
779521 id re
779902 id re
779904 id re
779905 re id
780885 re id
780886 id re
781101 lower_bound minimax
781905 negative_sampling skip_-_gram
782041 re id
783593 5g low_latency
784960 machine_type_communication 5g
785001 matching lower_bound
785505 5g core_network
785505 5g enabling_technology
785545 shadow self_-_dual
785545 self_-_dual code
785548 self_-_dual weight_enumerator
786345 mixture expert_model
787277 toolbox matlab/simulink
788383 massive_mimo 5g
788706 re id
790261 scene_flow optical_flow
790715 mobile_broadband 5g
790715 5g enabling_technology
790951 5g standardization
791788 variational_autoencoder deep_generative_model
791788 generative adversarial_autoencoder
791799 weakly_-_supervised semantic_segmentation
794729 parallel_corpus low_-_resource
795676 5g enabling_technology
796601 allocation_method fair
796920 http tensorflow
797099 zero_-_forcing uplink
797982 proof_assistant isabelle/hol
798967 5g cellular_network
799708 millimeter_wave 5g
801147 id re
801545 data_center green
804432 input/output interconnect
805880 benchmark_dataset emotion_classification
807060 eigenvectors power_method
807891 convex_combination adaptive_filter
808762 new_radio 5g
809044 cyber cyber_-_physical
809253 preprocessing_time query_time
809725 id selfie
809772 millimeter_-_wave 5g
810436 5g_network 5g
810436 cellular_network 5g
811797 collision_-_free path_planning_algorithm
816134 3gpp 5g
816139 multi_-_service 5g
817091 i/o performance_bottleneck
817506 id re
817514 id re
817861 slicing 5g
818288 edge_computing multi_-_access
818559 lower_bound minimax
818649 non_-_gaussian additive_noise
818879 wireless_system 5g
818922 electroencephalography motor_imagery
818922 electroencephalography bci
818967 lte 5g
820602 super_-_resolution fluorescence_microscopy
820666 new_radio 5g
820666 massive_mimo 5g
823395 re id
824000 java c/c++
824538 edge_computing multi_-_access
824773 termination_tool higher_-_order
825065 physiological_measurement non_-_contact
825356 convolutional sparse_coding
826263 isabelle/hol formalization
829699 covariance covariance_matrix
830064 crash uber
831070 anti_-_jamming stackelberg_game
831460 proof isabelle/hol
832298 sorting_algorithm oblivious
832298 sorting_algorithm sorting_network
833021 soft_thresholding iterative
835476 starcraft learning_environment
835967 velocity_field divergence_-_free
836587 c/c++ library
837743 mnist handwritten_digit
838239 connected_vehicle transportation
840206 wireless_system 5g
840250 scan functional_mri
840755 gfdm im
840756 gfdm im
841097 new_radio 5g
841449 proof isabelle/hol
841471 data_structure lock_-_free
844002 lower_bound upper_bound
845695 3gpp 5g
846883 code http
847527 id selfies
850733 re id
850735 id re
850741 id re
852669 3gpp 5g
852669 aka 5g
852671 3gpp 5g
852671 security_goal 5g
852672 security_goal 5g
853944 mobile_edge_computing unmanned_aerial_vehicle
854762 wireless_system 5g
854766 5g radio_interface
856287 ltl ctl*
856287 ctl* ctl
857228 decision_region input_dimension
857604 4g lte
858790 isabelle/hol theorem_prover
859955 scientific_application i/o
860082 id cve
862208 long_term_evolution 4g
862459 i/o disk
865748 sorting_algorithm oblivious
865748 sorting_algorithm sorting_network
867930 matching lower_bound
868318 partially_observable navigation_task
869362 id re
869364 id re
869369 id re
870903 mnist handwritten_digit
870933 id re
870935 id re
871038 machine_-_type_communication 5g
871038 non_-_orthogonal_multiple_access 5g
875645 id re
876006 id re
876932 v2x 5g
877047 path_planning multi_-_target
877049 a* rrt
878331 5g network_slicing
879646 re id
879647 id re
879649 id re
879650 id re
881110 new_radio 5g
882251 id re
882255 re id
886461 id re
888405 keyword_extraction unsupervised
891692 id re
892040 speech_enhancement scale_-_invariant
893215 adversarial_attack black_-_box
896758 non_-_orthogonal_multiple_access 5g
896758 5g radio_access_technology
897161 5g network_slicing
898102 optimal_power_flow multi_-_period
899359 parallel_architecture multi_-_core
900020 graph_convolutional_network graph_-_based
901491 activity_type activity
902277 5g international_telecommunication_union
902489 rescue emergency
902507 systematic_mapping_study software_engineering
903779 id re
904097 vertex edge
904097 vertex weighted_undirected_graph
905643 license source_code
906659 re id
906660 re id
907433 id re
907435 id re
907439 id re
907441 re id
908293 id re
908296 id re
909976 3d_object_detection point_cloud
910228 re id
910729 re id
913196 tcp/ip protocol
914592 a* planner
915538 small_cell 5g
915538 densification 5g
915538 enablers 5g
917210 4g mobile_network
918486 id trust_score
919003 brain_network resting_-_state
919062 id re
922825 id re
922828 id re
922829 id re
922830 id re
922831 id re
923611 mm_-_wave 5g
923623 policy_gradient model_-_free
924811 id re
927696 continuous_-_time dynamical_system
927765 rl model_-_free
927833 id intrusion_detection_system
928101 proof_assistant isabelle/hol
929899 id re
931803 and/or_graph critical_node
931805 and/or_graph critical_node
932265 re id
935270 temporal_information spatial
935371 5g standardization
935623 5g network_slicing
937946 mm_-_wave 5g
938848 sc decoding_algorithm
939119 attack_signature id
939850 edge_computing multi_-_access
940323 m2m device
940961 multi_-_agent rrt*
940964 solution_quality rrt*
941543 mimo_-_ofdm im
942403 3g 4g
942406 4g 3g
942537 quantum classical_algorithm
942899 online a/b_testing
942899 offline a/b_testing
944397 new_radio 5g
944681 non_-_orthogonal_multiple_access 5g
947040 millimeter_-_wave radar_sensor
947040 radar_sensor high_-_resolution
948761 multi_-_source queueing_model
950631 small_cell 5g
950631 4g 5g
951153 dynamical_system continuous_-_time
951235 multi_-_agent rrt*
956006 and/or_graph critical_node
957659 new_radio 5g
959205 id re
959206 id re
959207 id re
959208 id re
959211 id re
959212 id re
959758 task_-_oriented dialog_model
959796 modality cross_-_modal
962854 upwind_scheme well_-_balanced
962962 id re
962963 id re
962964 id re
962967 id re
962968 id re
962978 election brexit
965214 id re
968726 action_recognition view_-_invariant
969271 variational_inference mean_-_field
969271 variational_inference bayesian
969507 id re
969514 re id
970069 i/o ssd
970069 i/o storage_system
971768 security_vulnerability c/c++
971776 c/c++ library
971778 c/c++ library
974330 lte 5g
975084 catastrophic_forgetting lifelong_learning
976098 resting_-_state eeg
976102 multi_-_carrier multi_-_antenna
976525 budget edge_service
976628 linear_system discrete_-_time
976955 millimeter_-_wave communication_system
977547 execution_model master_-_worker
978007 reinforcement_learning model_-_free
978361 radio_access 5g
979055 solar energy_storage
979258 agent multi_-_agent
980931 path_planning unmanned_aerial_vehicle
980981 satellite_communication 5g
980985 satellite_communication 5g
981609 minimization_algorithm majorization
982607 cellular_network 5g
983664 id re
983664 id video_-_based
983706 relaxation_time lattice_boltzmann
984071 magnetic_resonance_image brain
984721 re id
985396 id re
985397 id re
985401 id re
985819 remote software_update
985819 remote ota
987042 quantum_computation fault_-_tolerant
989236 re id
989243 id re
990683 cellular_network 5g
991245 visual_search_task human_performance
991745 discriminative_feature_learning id
991745 id re
992515 im ofdm
992515 im orthogonal_frequency_division_multiplexing
992515 im index_modulation
993085 functional_program higher_-_order
993257 machine_learning_algorithm logistic_regression
993257 machine_learning_algorithm random_forest
994250 id re
994255 id re
994256 re id
995051 http tensorflow
996112 ofdm im
996113 im ofdm
996234 enablers 5g
998878 new_radio 5g
998878 radio_resource_management 5g
998878 5g communication_service
998879 new_radio 5g
998882 new_radio 5g
999228 rl model_-_free
1002652 id re
1002653 id re
1002654 id re
1002655 id re
1004369 new_radio 5g
1005541 security_goal 5g
1006335 style_transfer stylization
1008608 rl model_-_free
1011590 id re
1011590 id snort
1013867 competitive_ratio omega
1013867 omega lower_bound
1015286 conditional_independence graphical_model
1015417 speaker_verification text_-_dependent
1017238 5g low_latency
1019305 millimeter_wave 5g
1019867 omega lower_bound
1020051 planner a*
1020586 life_time wireless_sensor_network
1020637 new_radio 5g
1020716 id re
1020768 deletion dynamic_algorithm
1022593 online a/b_testing
1022858 id re
1023460 deep_generative_model generative_adversarial_network
1024399 id pose_tracking
1024399 id re
1024400 id re
1026809 5g core_network
1028266 polynomial_time exact_algorithm
1028743 continuous_-_time dynamical_system
1031188 search_algorithm a*
1031188 state_-_space a*
1031433 progress perceptual_task
1031906 generative_adversarial_network implicit_model
1032660 machine_-_type_communication 5g
1033972 journal ima
1033972 numerical_analysis ima
1034814 id re
1035997 4g cellular_network
1035997 4g 5g
1035997 cellular_network 5g
1037205 slicing 5g
1037956 hashing image_retrieval
1039338 millimeter_wave 5g
1039350 id re
1039357 re id
1040669 v2x 5g
1040670 v2x 5g
1043986 short_-_term demand_forecasting
1044492 permutation_-_based combinatorial_optimization_problem
1049442 satellite spectral_resolution
1050263 re id
1050702 edge_computing multi_-_access
1052684 5g wireless_system
1052684 5g radio_access_technology
1054065 recognition_algorithm polynomial_-_time
1054065 polynomial_-_time circular_-_arc_graph
1056122 wireless_backhaul 5g
1056122 millimeter_wave 5g
1056907 id re
1056909 id re
1058136 unsupervised person_re_-_id
1058136 person_re_-_id cross_-_view
1059549 new_radio 5g
1059698 attack_method black_-_box
1066994 probabilistic timed_automaton
1068484 id re
1068487 id re
1068488 id re
1068627 fine_-_grained entity_typing
1069794 online offline
1069946 new_radio 5g
1070092 federated_learning central_server
1070371 data_center multi_-_tenant
1070862 weakly_-_supervised semantic_segmentation
1074488 single_source combinatorial_algorithm
1075976 message_passing factor_graph
1076347 4g cellular_network
1076352 cellular_network 5g
1076699 cellular_system 5g
1076701 enablers 5g
1077845 4g cellular_network
1077845 4g long_term_evolution
1078741 id re
1082025 small_cell 5g
1083226 id re
1083228 id re
1083230 id re
1083454 proof isabelle/hol
1088354 5g_network 4g
1089634 competitive_ratio lower_bound
1093491 enablers 5g
1093610 5g standardization
1095822 re id
1095828 re id
1096156 5g lte
1097111 stereo_matching stereo
1098365 task_-_oriented dialog_model
1099714 online a/b_testing
1099715 online a/b_testing
1099715 offline a/b_testing
1099775 path_planning unmanned_aerial_vehicle
1099775 unmanned_aerial_vehicle uavs
1099780 rrt a*
1099915 id re
1099916 id re
1101211 re id
1102746 cellular_network 5g
1103520 path_planning a*
1103837 beamforming design_problem
1109514 id re
1110900 input/output quadratic_constraint
1110989 id re
1110989 id video_-_based
1110991 id re
1110991 id video_-_based
1110993 re id
1110993 id video_-_based
1111468 im ofdm
1111468 mobile_broadband 5g
1111469 im ofdm
1111473 im ofdm
1115295 i/o ssd
1115850 5g network_slicing
1116352 millimeter_-_wave 5g
1116352 5g mobile_communication
1117433 mobile_network 5g
1118014 free_energy region_-_based
1119502 5g_network 4g
1119661 matlab/simulink toolbox
1122189 visual_servoing image_-_based
1126167 millimeter_wave 5g
1130667 edge_computing multi_-_access
1130840 densification 5g
1131651 massive_mimo 5g
1131768 id re
1133224 release http
1133571 5g core_network
1133771 zero_-_day_attack id
1133772 zero_-_day_attack id
1134214 bottom_-_up human_pose_estimation
1134538 cellular_network 5g
1135874 high_-_resolution remote_sensing_image
1135889 edge_computing multi_-_access
1136906 id re
1136908 id re
1137527 isabelle/hol proof_assistant
1137764 co_-_training multi_-_view
1139005 mobile_device handheld
1139157 radio_access_network 5g
1139313 visual_servoing learning_-_based
1140874 device_-_to_-_device_communication 5g
1141413 diagnostic_tool non_-_invasive
1141746 edge_computing multi_-_access
1142028 edge_computing multi_-_access
1142807 re id
1142849 viral_marketing im
1146911 multi_-_agent deep_reinforcement_learning
1147717 edge_computing multi_-_access
1148589 id re
1150026 natural integrality_gap
1150026 integrality_gap linear_programming_relaxation
1150222 cellular_network 5g
1150334 id re
1150729 machine_learning_algorithm random_forest
1151313 llc i/o
1151387 h.264/avc h.265/hevc
1151614 id re
1151618 id re
1151745 wireless_system 5g
1151745 5g low_latency
1151994 mr brain_volume
1154491 dynamic_graph streaming_algorithm
1155239 http tensorflow
1159327 branching ctl*
1159327 express ctl*
1160220 id re
1161289 edge_computing multi_-_access
1163836 wireless_system 5g
1165647 multi_-_scale pyramid
1166710 dimensionality_reduction pca
1168011 edge_computing multi_-_access
1168052 continuous_-_time dynamical_system
1168758 mobile_network 5g
1174439 http video
1175847 video_coding h.264/avc
1175847 h.264/avc video_compression
1175984 i/o disk
1176054 low_-_cost low_-_power
1176737 fuzzy_model takagi_-_sugeno
1176737 discrete_-_time nonlinear_system
1177330 polynomial_-_time approximation_algorithm
1177532 signal_-_to_-_noise_ratio diversity_gain
1177811 convolutional sparse_coding
1178193 backbone resnet
1179803 interface_model diffuse
1179961 5g_network 5g
1181450 re id
1181950 id re
1182119 catastrophic_forgetting consolidation
1182677 inverse_problem ill_-_posed
1183040 millimeter_wave 5g
1183446 isabelle/hol formalization
1184947 radio_access_network edge_computing
1184947 edge_computing multi_-_access
1185105 continuous_-_time dynamical_system
1185370 non_-_orthogonal_multiple_access 5g
1185492 3gpp 5g
1185492 new_radio 5g
1187081 5g standardization
1188746 reinforcement_learning model_-_free
1189027 triplet essential_matrix
1190000 training_strategy multi_-_stage
1192646 effectiveness experiment
1195010 min_-_max_regret interval
1195053 3gpp 5g
1195677 im ofdm
1196325 system_call linux
1196486 id re
1196522 im ofdm
1196523 peak_-_to_-_average_power_ratio im
1196523 im ofdm
1196524 im ofdm
1198698 new_radio 5g
1199299 new_radio 5g
1199304 5g new_radio
1201636 sgx i/o
1202407 non_-_orthogonal_multiple_access multiple_access
1202624 id re
1202780 id re
1203151 formal_specification isabelle/hol
1205376 person_re_-_id id
1205376 id re
1205377 id re
1205384 person_re_-_id id
1205384 id re
1206810 http video
1209872 5g vehicular_network
1209875 5g vehicular_network
1209878 5g vehicular_network
1210365 haptics 5g
1210768 im ofdm
1211622 open_-_source c++
1211972 lower_bound minimax
1212241 cellular_network 5g
1212241 emerging_technology network_slicing
1212943 fluid_-_structure_interaction immersed_boundary_method
1212994 edge_computing multi_-_access
1214404 csma/ca collision
1214564 id re
1215176 simplex_code reed_-_muller_code
1215447 discrete_-_time stochastic_system
1215850 voltage_stability steady_-_state
1218206 new_radio 5g
1219178 low_-_latency 5g
1219178 5g wireless_system
1220638 java c/c++
1222047 zero_-_day_attack id
1222589 multi_-_channel acoustic_model
1223970 concordance correlation_coefficient
1224251 cellular_system 5g
1225541 enablers 5g
1227061 online_experiment a/b_testing
1228270 re id
1228271 re id
1228788 enablers 5g
1229377 variational_inference bayesian_neural_network
1229377 variational_inference mean_-_field
1230749 theory_solver sat
1233975 id re
1234271 thermal face_matching
1234271 face_matching visible
1234829 new_radio 5g
1235980 covariance_matrix eigenvectors
1236087 new_radio 5g
1236099 id re
1236100 id re
1236103 id re
1236385 id re
1236386 id re
1236752 millimeter_wave 5g
1239856 new_radio 5g
1239856 4g lte
1239858 3gpp 5g
1240855 rrt* planner
1241399 power_ratio envelope
1244503 new_radio 5g
1245166 caching_policy ttl
1248435 radio_access_network 5g
1248575 id re
1248580 id re
1250488 free_surface water_wave
1252215 downlink base_station
1252215 downlink multi_-_user
1256651 id selfies
1256867 rl model_-_free
1257885 isabelle/hol interactive_proof
1258278 3g umts
1258727 matlab/simulink toolbox
1262440 contrast_-_enhanced computed_tomography
1262612 5g_network 5g
1262729 autonomous_vehicle safety
1262842 mr_image brain_tumor
1263090 reinforcement_learning reward
1263432 new_radio 5g
1264596 computer_vision_application object_representation
1264596 computer_vision_application object_recognition
1264707 id re
1264709 5g mobile_communication_system
1264861 edge_computing multi_-_access
1265122 cellular_system 5g
1266510 hierarchical_temporal_memory machine_learning_algorithm
1267040 massive_mimo 5g
1267041 massive_mimo 5g
1267044 massive_mimo 5g
1269195 4g 5g
1269687 random_access m2m
1270051 re id
1270670 densification 5g
1270935 biomarkers clinical
1271369 wireless_system 5g
1271402 id re
1273883 data_center geo
1275583 random_access m2m
1275611 publish/subscribe_system routing
1276021 differential_privacy random_noise
1276880 3g mobile_network
1277483 benchmark state_-_of_-_the_-_art
1279801 social_network community_analysis
1280415 lower_bound minimax
1280637 id re
1280638 id re
1280639 id re
1280643 id re
1282820 diffusion_model continuous_-_time
1283241 markov_chain m/g/1
1283586 linear_system discrete_-_time
1284307 coexistence spectrum_sharing
1284777 wireless_sensor_network sensor_node
1285306 small_cell 5g
1285307 small_cell 5g
1285420 wireless_backhaul 5g
1285421 cost_efficiency 5g
1285423 wireless_backhaul 5g
1285425 cost_efficiency 5g
1285426 wireless_backhaul 5g
1294187 graph_-_based dependency_parser
1296976 steady_-_state voltage_stability
1297039 hit_rate cache
1298831 id cve
1299446 5g mobile_communication
1299774 experiment datasets
1300852 compliance client/server
1301008 millimeter_wave 5g
1301008 cellular_system 5g
1301639 willingness social_behavior
1301965 non_-_orthogonal_multiple_access 5g
1302485 polynomial_time_approximation_algorithm np_-_hard
1303257 re id
1304394 id re
1307660 voltage_stability steady_-_state
1307786 im influence_maximization
1307937 cellular_network 5g
1308973 coarse_-_grained fine_-_grained
1308973 fine_-_grained entity_type
1309447 i/o disk
1309632 user_problem cold_-_start
1310779 small_cell 5g
1310780 small_cell 5g
1311048 5g software_defined_network
1311048 5g mobile_communication
1311048 5g vehicular_network
1311050 5g vehicular_network
1311051 5g vehicular_network
1311052 5g vehicular_network
1312885 broadcast_protocol cross_-_layer
1313667 3g wifi
1314097 i/o disk
1314374 wireless_system 5g
1314533 theorem_prover isabelle/hol
1314993 registration_problem multi_-_view
1315640 millimeter_wave 5g
1315640 cellular_system 5g
1315798 fine_-_grained entity_type
1316593 exponential blow_-_up
1316642 new_radio 5g
1316872 stochastic_system continuous_-_time
1318753 device internet_of_thing
1320376 cellular_network 5g
1320645 mobile_network 5g
1326402 kinect ict
1326402 kinect head_pose
1328451 wireless_system 5g
1329052 melanoma_detection lesion_segmentation
1330563 average_consensus privacy_-_preserving
1331810 key_recovery aes
1331817 presidential_election fake_news
1332212 high_-_resolution image_blending
1332263 id re
1332264 id re
1332266 id re
1334862 id re
1335050 asymptotic_optimality rrt*
1335050 rrt* rrt
1335053 bidirectional rrt*
1335854 id re
1337785 id re
1337786 id re
1337789 id re
1338001 downlink division
1339069 edge_computing multi_-_access
1339537 action_localization spatio_-_temporal
1340323 communication_complexity lower_bound
1340947 apache http
1341749 wireless_system 5g
1342017 mobile_network 5g
1342020 5g mobile_network
1342470 first_hitting_time random_walk
1342825 wireless_system 5g
1342830 phased_array 5g
1343881 continuous_-_time dynamical_system
1345530 quantitative qualitative_approach
1346931 omega lower_bound
1346931 lower_bound upper_bound
1348055 new_radio 5g
1348107 functional_program higher_-_order
1348749 cross_-_domain domain_adaptation
1348843 id re
1349054 dynamic_data_structure data_structure
1349531 exponential extension_complexity
1349561 soft esophagus
1351528 massive_mimo 5g
1352373 millimeter_-_wave 5g
1355216 mm_-_wave 5g
1356983 standardization 5g
1359343 multi_-_agent epistemic_logic
1359734 i/o access_pattern
1359734 mpi collective_i/o
1360894 millimeter_wave 5g
1360894 5g phased_array
1361299 id re
1361300 re id
1362590 visual_recognition cross_-_domain
1362774 i/o disk
1363099 representation_theory np
1363423 cut sequent_calculus
1364025 lower_bound upper_bound
1365158 ctl* satisfiability
1365811 random_network scale_-_free
1366146 input/output user_requirement
1366146 input/output design_flow
1366146 input/output data_scheduling
1366350 input/output user_requirement
1366350 input/output design_flow
1366350 input/output data_scheduling
1366427 input/output user_requirement
1366427 input/output design_flow
1366427 input/output data_scheduling
1368047 m/m/1_queue customer
1369449 representation_theory np
1370253 perfect_code code
1372789 rayleigh_fading mimo_channel
1373331 reasoning cp_-_net
1378794 resource_description_framework data_model
1380361 id snort
1382082 i/o disk
1382623 omega lower_bound
1382623 omega query_complexity
1384439 ctl* ctl
1386078 maximum_-_likelihood decoding_complexity
1387721 term_frequency inverse_document_frequency
1389229 block_diagonalization multi_-_cell
1389754 multi_-_dimensional transition_model
1389754 markovian_state transition_model
1390720 fan boolean_circuit
1393605 open_-_source library
1394304 id rfid_tag
1394543 matching lower_bound
1394561 multi_-_receiver wiretap_channel
1395165 greedy_algorithm matching_pursuit
1396909 parity_check density
1397268 update query_time
1397949 network_coding multi_-_source
1398565 lower_bound omega
1398565 competitive_ratio omega
1398698 amplify_-_and_-_forward relay_channel
1398851 majority_function lower_bound
1398851 formula_size lower_bound
1398903 atm tcp/ip
1400802 ctl ctl*
1401349 agda proof_assistant
1404012 decoding reed_-_solomon
1407820 csma/ca 802.11
1408359 3g 4g
1411080 isabelle/hol proof_assistant
1411080 isabelle/hol formalization
1416073 proof_assistant isabelle/hol
1416179 keypoints adaboost
1416188 keypoints adaboost
1416523 2d 3d
1417145 wiretap_channel multi_-_receiver
1418910 lower_bound upper_bound
1422815 ofdm/oqam ofdm
1423321 tree_visualization layout
1427301 combinatorial_game player
1428365 lattice_-_based mmi
1429647 decision_theory dempster_-_shafer
1429827 intranet local_area_network
1431666 uncapacitated_facility_location_problem fault_-_tolerant
1431666 uncapacitated_facility_location_problem approximation_algorithm
1434262 3g mobile_operator
1435668 tcp/ip protocol
1436054 4g lte
1436054 4g wimax
1436242 sampling monte_-_carlo
1436686 multi_-_core model_checker
1436784 functional_program higher_-_order
1436784 functional_program safety_property
1438263 4g lte
1438263 4g wimax
1438932 recognition_algorithm polynomial_-_time
1439246 3g wifi
1439881 quantitative qualitative_approach
1440580 tcp/ip protocol
1440580 tcp/ip stack
1442937 propositional_logic formula
1443358 3g 4g
1444395 open_-_source java_program
1444487 library c/c++
1445097 tcp/ip stack
1445319 maximum_distance_separable block_code
1446184 .net mobile_agent
1448479 decoding_algorithm low_-_complexity
1448587 deterministic_time expected_time
1450562 interworking 3g
1450562 3g wlan
1450564 interworking 3g
1450564 3g wlan
1451446 lower_bound upper_bound
1451675 suffix_-_free regular_language
1451675 regular_language state_complexity
1452388 mac_protocol csma/ca
1452389 mac_protocol csma/ca
1452896 minimax lower_bound
1452896 lower_bound upper_bound
1452924 4g ofdm
1453956 low_-_rank matrix_completion
1454244 orthogonal_matching_pursuit a*
1454296 m/m/1_queue queue
1454919 flow_analysis higher_-_order
1455096 conditional_random_field semi_-_markov
1455837 i/o disk
1455929 omega lower_bound
1457237 matching lower_bound
1461657 minimization_algorithm majorization
1461905 genus surface
1461987 permutation_-_based combinatorial_optimization_problem
1463441 stable_throughput maximum
1463777 variational_inference mean_-_field
1463866 external_stimulus brain
1465061 i/o disk
1467340 game stackelberg
1467340 game optimal_strategy
1467607 beacon csma/ca
1468514 game cournot
1468673 channel_access csma/ca
1468797 isabelle/hol proof_assistant
1470278 stochastic subgradient_method
1470278 iteration_complexity subgradient_method
1470641 matlab/simulink simulation_study
1470680 exploration/exploitation dilemma
1472900 effectiveness experiment
1473992 isabelle/hol formalization
1474013 formalization isabelle/hol
1476267 discrete_-_time stochastic_system
1480805 wi_-_fi 3g
1482112 binary_word length
1482346 4g wireless_network
1482444 vertex graph
1482830 message broadcast_channel
1483427 functional_program higher_-_order
1485477 amplitude phase_shift
1485480 preprocessing_time query_time
1487914 arm exploration/exploitation
1487914 exploration/exploitation dilemma
1488357 search_algorithm a*
1488448 nature_-_inspired optimization_algorithm
1494761 fingerprint_database fingerprint
1496230 formalisation isabelle/hol
1496994 millimeter_wave 60_ghz
1496994 60_ghz band
1497136 socket tcp/ip
1500273 publish/subscribe_system overlay
1500315 i/o disk
1500662 isabelle/hol interactive_proof
1500865 5g standardization
1503045 blind constant_modulus
1503045 constant_modulus constrained
1504483 evolutionary_algorithm self_-_adaptive
1504503 evolutionary_algorithm self_-_adaptive
1506034 m2m lte
1506275 adaptive_algorithm recursive_least_square
1507225 i/o disk
1507940 m2m device
1510876 group_testing adaptive
1511805 continuous_-_time dynamical_system
1511933 m2m device
1511935 device m2m
1511935 m2m lte
1511938 m2m gsm
1512518 quantum_computation fault_-_tolerant
1513929 frequency_-_domain artificial_noise
1514067 no_-_wait flowshop_scheduling
1514568 authentication_code multi_-_receiver
1514569 authentication_code multi_-_receiver
1515298 i/o disk
1517318 m2m device
1517319 m2m gsm
1517319 m2m device
1517423 i/o garbage_collection
1518833 first_-_order_logic decidable
1519224 .net window
1522826 c/c++ programming_language
1522827 c/c++ programming_language
1522860 moea/d nsga_-_ii
1523335 medium_access_control csma/ca
1523335 csma/ca wireless_local_area_network
1523864 lower_bound minimax
1524278 ssd i/o_performance
1524281 i/o ssds
1526049 wsns energy_-_efficient
1526096 scale_-_free topology
1527272 amplitude phase_shift
1528777 occurrence_time event
1531274 probabilistic_polynomial_time complexity_class
1531274 complete complexity_class
1532009 i/o i/o_virtualization
1532009 i/o_virtualization device
1532011 i/o unix
1532013 device i/o_virtualization
1534117 wsns energy_-_efficient
1536023 adaptive_algorithm recursive_least_square
1536226 sparql query_optimization
1536798 matching lower_bound
1537274 gprs id
1539240 multi_-_hop mesh_network
1539240 mesh_network wireless
1541271 a* heuristic
1544107 ctl* satisfiability
1546592 m2m standardization
1547104 cooperation intercell_interference
1548388 sorting_algorithm shared_memory
1548388 sorting_algorithm comparison_-_based
1550878 i/o storage_system
1551437 orthogonal_matching_pursuit a*
1551466 i/o computer_memory
1551919 i/o computer_memory
1551975 query_time space
1552449 facility_location_problem fault_-_tolerant
1552803 pi permutation
1553596 orthogonal_frequency_division_multiplexing self_-_interference_cancellation
1553879 orthogonal_frequency_division_multiplexing self_-_interference_cancellation
1554029 self_-_organizing particle_system
1554223 temporal_logic ctl*
1556908 4g wireless_network
1558472 ofdm/oqam ofdm
1558472 ofdm/oqam cp
1560082 theorem_prover isabelle/hol
1560353 i/o disk
1560808 3g wifi
1560842 wireless_system 5g
1563682 small_cell 5g
1563683 small_cell 5g
1563686 cost_efficiency 5g
1563687 millimeter_wave 5g
1563687 massive_mimo 5g
1564126 5g enabling_technology
1564453 recommendation_quality recommendation_algorithm
1564863 radio_access_network 5g
1565028 rf impairment
1566786 densification 5g
1567615 cellular_network 5g
1568619 massive_mimo 5g
1569179 ctl* express
1569396 access_node full_-_duplex
1569396 full_-_duplex half_-_duplex
1569851 publish/subscribe_system routing
1569857 publish/subscribe_system advertisement
1570068 mimo_-_ofdm im
1570068 error_performance im
1570069 mimo_-_ofdm im
1571873 4g wireless_system
1572127 cellular_network 5g
1572300 id re
1572300 id video_-_based
1572392 i/o external_memory
1574567 mobile_network 5g
1575295 polynomial_-_time combinatorial_algorithm
1575668 challenge_-_response authentication_scheme
1576236 non_-_cooperative stackelberg_game
1576236 energy_trading stackelberg_game
1576432 wireless_system 5g
1576977 massive_mimo 5g
1577835 multi_-_service 5g
1578507 multimedia_streaming live
1580520 and/or_graph cyclic
1582778 stackelberg_game zero_-_sum
1583612 viral_marketing im
1583616 viral_marketing im
1584199 international competition
1585033 omega query_complexity
1585760 small_cell 5g
1585810 id re
1585811 id re
1587459 mac_layer rts/cts
1589224 5g standardization
1591157 4g mobile_network
1592074 energy_-_aware software_development
1592075 energy_-_aware software_development
1592773 player payoff
1592997 hybrid_mpi/openmp mpi
1598155 discrete_-_time nonlinear_system
1599574 energy_-_efficient time_synchronization
1599574 wireless_sensor_network time_synchronization
1604929 resting_-_state functional_magnetic_resonance_imaging
1606858 omega lower_bound
1607296 omega lower_bound
1607416 orthogonal_frequency_division_multiplexing lsa
1607924 gpu cuda
1612952 4g 5g
1612956 5g network_slicing
1613164 data_center green
1614180 meaning grammatical_structure
1616272 random_access lte/lte_-_a
1616829 object_image multi_-_view
1621668 m2m device
1622482 m2m device
1622484 m2m device
1623911 sorting_algorithm multi_-_core
1624589 algebra rely/guarantee
1624589 reasoning rely/guarantee
1624589 rely/guarantee concurrency
1624591 algebra rely/guarantee
1624591 rely/guarantee concurrency
1624592 reasoning rely/guarantee
1626097 ofdm/oqam ofdm
1626097 ofdm/oqam cp
1626197 isabelle/hol interactive_proof
1626197 isabelle/hol formalization
1626198 isabelle/hol automated_reasoning
1627830 polynomial_-_time combinatorial_algorithm
1628434 i/o disk
1628543 millimeter_wave 5g
1628543 5g phased_array
1628806 isabelle/hol formalization
1631257 wireless_body_area_network ieee_802.15.6
1631257 impulse_radio ultra_-_wideband
1631906 linear_code lcd_code
1632388 asymptotic_optimality rrt*
1632586 c/c++ python
1632761 model_checking pushdown_system
1632761 higher_-_order pushdown_system
1632873 average_consensus privacy_-_preserving
1633893 lower_bound communication_complexity
1634539 dependency_parser graph_-_based
1634766 densification 5g
1635057 block_code binary
1639336 network_function_virtualization 5g
1639347 round even_-_mansour
1639347 block_cipher cryptosystems
1639347 block_cipher even_-_mansour
1643776 content_-_based publish/subscribe
1644715 id re
1644905 3g umts
1645102 polynomial_-_time combinatorial_algorithm
1646956 edge_-_coloring delta
1653140 matching lower_bound
1653140 lower_bound upper_bound
1653140 lower_bound minimax
1655335 weak_galerkin finite_element_method
1655335 weak_galerkin stabilizer
1655335 weak_galerkin free
1655335 weak_galerkin second_order
1657204 weak_galerkin primal_-_dual
1659047 isabelle/hol proof_assistant
1659047 isabelle/hol inductive_theorem_proving
1659882 4g 5g
1663853 speaker speech_utterance
1665302 tcp/ip protocol
1665330 multi_-_access edge_computing
1665330 edge_computing network_function_virtualization
1666352 5g network_slicing
1666996 theorem_prover isabelle/hol
1667442 backhaul_network 5g
1667741 variational_inference mean_-_field
1669980 http project
1671147 dynamic_link_library c/c++
1671147 labview c/c++
1671460 millimeter_-_wave mimo_system
1671951 polynomial_-_time recognition_algorithm
1672744 5g control_channel
1673534 new_radio 5g
1675448 classification_model bi_-_lstm
1675663 omega lower_bound
1675841 cellular_network 5g
1676339 new_radio 5g
1676706 soft wearable_robot
1676706 exoskeleton wearable_robot
1676793 isabelle/hol proof_assistant
1676793 isabelle/hol inductive_theorem_proving
1677140 lte 5g
1678955 id re
1678957 id re
1679001 terminal steiner_point
1679102 mobile_network 5g
1680209 hoare_logic rely/guarantee
1680210 rely/guarantee concurrency
1680704 tabu_search heuristic_algorithm
1680715 re id
1680716 id re
1680724 id re
1680725 re id
1680726 id re
1680869 c/c++ programming_language
1683978 exploration/exploitation tradeoff
1684323 i/o disk
1684709 3gpp 5g
1685835 wireless_system 5g
1688214 ground uavs
1688980 4g lte
1688980 4g 5g
1688980 lte 5g
1690022 cellular_network 5g
1691104 lower_bound upper_bound
1691250 id re
1691255 id re
1691257 id re
1691790 planner a*
1692130 multiobjective_optimization objective_space
1692186 id re
1693933 id re
1694136 parallel_algorithm distributed_-_memory
1694391 id re
1694768 cellular_network 5g
1697118 id re
1697120 id re
1698504 isabelle/hol proof_assistant
1698662 error_-_correction performance_loss
1699228 image_reconstruction_algorithm iterative
1699514 video_coding h.264/avc
1700618 matching lower_bound
1702514 graph_search a*
1704081 omega lower_bound
1704792 tcp/ip protocol
1705790 millimeter_-_wave 5g
1706147 millimeter_wave 5g
1706571 i/o disk
1706781 i/o cache_coherence
1706782 i/o cache_coherence
1706952 demand_response energy_storage
1708763 tree_search a*
1708764 a* tree_search
1708770 tree_search a*
1709265 upper_limb stroke
1711227 stochastic subgradient_method
1713194 detection_task pascal_voc
1714274 new_radio 5g
1714274 long_term_evolution 4g
1714274 radio_access_technology 5g
1716007 id re
1716396 unmanned_aerial_vehicle ground
1717001 id re
1717256 id re
1718313 re id
1718434 scalable_algorithm energy_-_efficient
1718434 energy_-_efficient weather_prediction
1718434 energy_-_efficient exascale
1718446 scalable_algorithm energy_-_efficient
1718446 energy_-_efficient weather_prediction
1718446 energy_-_efficient exascale
1718459 scalable_algorithm energy_-_efficient
1718459 energy_-_efficient weather_prediction
1718459 energy_-_efficient exascale
1718468 scalable_algorithm energy_-_efficient
1718468 energy_-_efficient weather_prediction
1718468 energy_-_efficient exascale
1718481 scalable_algorithm energy_-_efficient
1718481 energy_-_efficient weather_prediction
1718481 energy_-_efficient exascale
1718494 scalable_algorithm energy_-_efficient
1718494 energy_-_efficient weather_prediction
1718494 energy_-_efficient exascale
1718507 scalable_algorithm energy_-_efficient
1718507 energy_-_efficient weather_prediction
1718507 energy_-_efficient exascale
1718519 scalable_algorithm energy_-_efficient
1718519 energy_-_efficient weather_prediction
1718519 energy_-_efficient exascale
1718544 scalable_algorithm energy_-_efficient
1718544 energy_-_efficient weather_prediction
1718544 energy_-_efficient exascale
1718558 scalable_algorithm energy_-_efficient
1718558 energy_-_efficient weather_prediction
1718558 energy_-_efficient exascale
1718669 online a/b_testing
1718669 offline a/b_testing
1721113 scalable_algorithm energy_-_efficient
1721113 energy_-_efficient weather_prediction
1721113 energy_-_efficient exascale
1721127 scalable_algorithm energy_-_efficient
1721127 energy_-_efficient weather_prediction
1721127 energy_-_efficient exascale
1722645 fdi state_estimation
1723051 id re
1725651 5g low_latency
1725651 5g communication_service
1726483 cross_-_domain sentiment_classification
1727099 re id
1727101 id re
1727102 id re
1727104 id re
1727106 id re
1727108 id re
1727215 mnist handwritten_digit
1727491 proof isabelle/hol
1727491 isabelle/hol proof_assistant
1728242 code http
1729725 id re
1731573 sgx i/o
1731573 i/o disk
1733594 id re
1734672 refutation exponential_size
1734878 leader_-_follower stackelberg_game
1735440 low_voltage distribution_grid
1735856 online_experiment a/b_testing
1736591 fast direct_solver
1736756 pet/ct ct
1736990 graph_-_based dependency_parser
1738551 printing additive_manufacturing
1739702 tcp/ip protocol
1740006 leader_-_follower stackelberg_game
1741243 rl actor_-_critic
1741243 rl model_-_free
1748799 lower_bound minimax
1749158 re id
1749161 re id
1749778 end_-_to_-_end automatic_speech_recognition
1751223 undergraduate software_engineering
1752184 word_embedding skip_-_gram
1752525 edge_computing multi_-_access
1752839 analog_-_to_-_digital_converter digital_-_to_-_analog_converter
1754907 matching lower_bound
1754907 omega lower_bound
1754966 c++ programming_language
1757710 audio_-_visual voice_activity_detection
1758230 5g cellular_network
1759779 code self_-_dual
1760055 service_time job
1760112 certification safety_-_critical
1760407 im centrality_measure
1762614 thermal visible_image
1762614 high_-_resolution low_-_resolution
1762941 new_radio 5g
1764847 ultra_-_dense_network 5g
1765207 online a/b_testing
1765226 online a/b_testing
1765659 id re
1765664 id re
1768469 id re
1768470 id re
1768471 id re
1768808 quantum_computer fault_-_tolerant
1769462 new_radio 5g
1769462 5g control_channel
1772014 lte 5g
1776619 id re
1776622 re id
1776746 3gpp 5g
1777233 wireless_system 5g
1778187 density_-_based spatial_clustering
1779485 deployment opc_ua
1780313 network_function_virtualization 5g
1782789 cellular_network 5g
1783582 computed_tomography lesion
1785396 weakly_-_supervised action_localization
1786072 new_radio 5g
1786072 international_telecommunication_union 5g
1786075 3gpp 5g
1787598 search_algorithm a*
1790762 online a/b_testing
1794697 context_-_free path_query
1794873 id re
1794878 re id
1796372 acoustic_model speech_recognition
1798705 re id
1798706 id re
1798793 re id
1799184 path_planning a*
1799184 heuristic a*
1800149 topology_optimization density_-_based
1800703 action_space reinforcement_learning_problem
1802611 id re
1802612 re id
1802740 id re
1804169 quantum_computer fault_-_tolerant
1804963 cellular_system 5g
1804981 new_radio 5g
1805422 edge_computing multi_-_access
1808295 im ofdm
1808296 im ofdm
1808298 im ofdm
1809231 id re
1809616 id re
1809619 id re
1809749 fine_-_grained entity_typing
1813242 4d oct
1813248 5g communication_service
1814126 5g network_slicing
1814796 data_rate 4g
1816116 quantum classical_algorithm
1816405 country south_africa
1817229 near_-_field wireless_power_transfer
1819885 computation_time rrt*
1820511 genetic_programming symbolic_regression_problem
1821113 agent multi_-_agent
1821530 backhaul_network 5g
1821587 4g mobile_network
1822812 cellular_system 5g
1824570 new_radio 5g
1827516 mobile_network 5g
1828430 csi feedback_network
1829405 new_radio 5g
1829921 edge_computing multi_-_access
1829989 discontinuous_galerkin finite_element
1830706 mixed_-_integer nonconvex_problem
1835338 tcp/ip protocol_stack
1836270 continuous_-_time dynamical_system
1839829 re id
1839833 re id
1841207 multiphysics finite_element
1843331 brain_network resting_-_state
1844420 discrete_-_time stochastic_system
1847472 edge_computing multi_-_access
1848748 finite_-_difference time_-_domain
1849055 polynomial degree
1849122 id re
1849128 id re
1849129 id re
1849470 5g_network 5g
1851255 id re
1851257 re id
1851259 re id
1851259 person_re_-_id id
1853873 polynomial_-_time combinatorial_algorithm
1858904 library scikit_-_learn
1860420 cellular_network 5g
1861313 millimeter_-_wave 5g
1861341 input/output interconnect
1861444 millimeter_-_wave 5g
1861444 mm_-_wave 5g
1861445 mm_-_wave 5g
1861446 mm_-_wave 5g
1861447 mm_-_wave 5g
1861449 mm_-_wave 5g
1862575 inductive_type higher_-_order
1863398 id re
1863935 cellular_network 5g
1863936 cellular_network 5g
1863937 cellular_network 5g
1863939 cellular_network 5g
1863940 cellular_network 5g
1864336 id re
1864337 re id
1864341 id re
1864346 id re
1864813 uniform interpolation_property
1865089 radio_access_network 5g
1865128 isabelle/hol formalization
1865198 mri pet
1867031 new_radio 5g
1870900 new_radio 5g
1871075 model_checking ctl*
1871077 ltl ctl*
1871609 isabelle/hol coq
1872360 axiom owl
1876096 mobile_network 5g
1876492 quantum_computation fault_-_tolerant
1877311 camera_motion optical_flow
1878934 v2x 5g
1879883 id re
1879886 re id
1879886 person_re_-_id id
1881149 millimeter_-_wave massive_mimo
1882012 graph_grammar diagram
1882696 edge_computing multi_-_access
1884323 discrete_-_time linear_quadratic_gaussian
1884446 radio_access_network 5g
1884476 id re
1885769 id selfie
1886222 search_algorithm a*
1886222 heuristic a*
1886235 online a/b_testing
1887025 channel_access csma/ca
1887824 d_-_wave computer
1887824 d_-_wave quantum_annealing
1888316 http code
1888878 c/c++ matlab
1889505 hybrid_mpi/openmp mpi
1890126 bayesian_network probabilistic_reasoning
1892129 m/m/1_queue queue
1892177 edge_computing multi_-_access
1893111 edge_computing multi_-_access
1893613 rl model_-_free
1893782 3gpp 5g
1893822 id re
1893824 id re
1896433 i/o file_system
1898053 backhaul_network 5g
1899068 edge_computing multi_-_access
1901844 polynomial_-_time recognition_algorithm
1902507 small_cell 5g
1902951 ultra_-_wideband synthetic_aperture_radar
1903252 higher_-_order connectivity_pattern
1904492 user_interface web_-_based
1906204 i/o disk
1906206 i/o disk
1906596 exploration/exploitation tradeoff
1911083 wireless_system 5g
1911547 quantum_computation fault_-_tolerant
1912714 5g enabling_technology
1912819 formalisation isabelle/hol
1915967 dg high_-_order
1918128 channel_access csma/ca
1918271 benchmark_dataset emotion_classification
1918436 omega lower_bound
1918864 omega lower_bound
1918905 cellular_network 5g
1920744 common_knowledge multi_-_agent
1921660 allocation_algorithm polynomial_-_time
1921841 new_radio 5g
1921979 id re
1923397 object_region discriminative
1924219 fourier_transform hyperspectral_imaging
1924219 interferometry hyperspectral_imaging
1927054 benchmark_dataset traffic_sign_recognition
1927054 autonomous_driving traffic_sign_recognition
1928450 2d 3d
1929527 id re
1929529 id re
1929531 id re
1929533 coarse_-_grained fine_-_grained
1929767 sorting_algorithm sorting
1930045 3gpp 5g
1930147 multi_-_access edge_computing
1930147 edge_computing network_function_virtualization
1931118 recall score
1931124 tcp/ip transport_layer
1931634 subspace_learning multi_-_view
1933632 omega lower_bound
1935815 hr lr
1936795 a* planning_algorithm
1938888 electric_vehicle energy_storage
1939345 new_radio 5g
1940351 3g 4g
1940352 5g aka
1940765 content_-_based publish/subscribe
1940823 mnist handwritten_digit
1941520 densification 5g
1941769 id re
1942461 matching lower_bound
1943261 isabelle/hol theorem_prover
1943600 v2x 5g
1944179 id re
1944831 in_-_memory spark
Use time 1967.905649 seconds
